<?xml version="1.0" encoding="UTF-8"?>
<!-- Generated by org.testng.reporters.JUnitXMLReporter -->
<testsuite ignored="0" hostname="LTIN285955" failures="0" tests="9" name="ChromeTest" time="196.937" errors="0" timestamp="2024-02-07T10:23:06 IST">
  <testcase classname="TestCases.TC001_HomePage" name="test1" time="0.453"/>
  <testcase classname="TestCases.TC001_HomePage" name="test2" time="35.462"/>
  <testcase classname="TestCases.TC002_UsedCars" name="test3" time="24.973"/>
  <testcase classname="TestCases.TC002_UsedCars" name="test4" time="5.596"/>
  <testcase classname="TestCases.TC001_HomePage" name="Test5" time="6.903"/>
  <testcase classname="TestCases.TC003_UpcomingBikePage" name="test6" time="31.384"/>
  <testcase classname="TestCases.TC003_UpcomingBikePage" name="test7" time="8.119"/>
  <testcase classname="TestCases.TC003_UpcomingBikePage" name="test8" time="1.717"/>
  <testcase classname="TestCases.TC001_HomePage" name="Test9" time="7.47"/>
</testsuite> <!-- ChromeTest -->
