<?xml version="1.0" encoding="UTF-8"?>
<!-- Generated by org.testng.reporters.JUnitXMLReporter -->
<testsuite ignored="0" hostname="DESKTOP-5IRD1VN" failures="0" tests="9" name="ChromeTest" time="179.757" errors="0" timestamp="2024-02-13T10:14:19 IST">
  <testcase classname="TestCases.TC001_HomePage" name="test1" time="0.722"/>
  <testcase classname="TestCases.TC001_HomePage" name="test2" time="73.302"/>
  <testcase classname="TestCases.TC002_UsedCars" name="test3" time="28.191"/>
  <testcase classname="TestCases.TC002_UsedCars" name="test4" time="3.738"/>
  <testcase classname="TestCases.TC001_HomePage" name="Test5" time="5.288"/>
  <testcase classname="TestCases.TC003_UpcomingBikePage" name="test6" time="3.445"/>
  <testcase classname="TestCases.TC003_UpcomingBikePage" name="test7" time="12.081"/>
  <testcase classname="TestCases.TC003_UpcomingBikePage" name="test8" time="2.486"/>
  <testcase classname="TestCases.TC001_HomePage" name="Test9" time="8.992"/>
</testsuite> <!-- ChromeTest -->
