<?xml version="1.0" encoding="UTF-8"?>
<!-- Generated by org.testng.reporters.JUnitXMLReporter -->
<testsuite ignored="0" hostname="LTIN285955" failures="0" tests="9" name="ChromeTest" time="300.149" errors="0" timestamp="2024-02-06T11:37:54 IST">
  <testcase classname="TestCases.TC001_HomePage" name="test1" time="0.348"/>
  <testcase classname="TestCases.TC001_HomePage" name="test2" time="36.683"/>
  <testcase classname="TestCases.TC002_UsedCars" name="test3" time="24.51"/>
  <testcase classname="TestCases.TC002_UsedCars" name="test4" time="38.922"/>
  <testcase classname="TestCases.TC001_HomePage" name="Test5" time="31.332"/>
  <testcase classname="TestCases.TC003_UpcomingBikePage" name="test6" time="31.446"/>
  <testcase classname="TestCases.TC003_UpcomingBikePage" name="test7" time="7.751"/>
  <testcase classname="TestCases.TC003_UpcomingBikePage" name="test8" time="38.891"/>
  <testcase classname="TestCases.TC001_HomePage" name="Test9" time="15.275"/>
</testsuite> <!-- ChromeTest -->
