<?xml version="1.0" encoding="UTF-8"?>
<!-- Generated by org.testng.reporters.JUnitXMLReporter -->
<testsuite ignored="0" hostname="LTIN285955" failures="0" tests="9" name="EdgeTest" time="294.06" errors="0" timestamp="2024-02-07T10:28:47 IST">
  <testcase classname="TestCases.TC001_HomePage" name="test1" time="0.417"/>
  <testcase classname="TestCases.TC001_HomePage" name="test2" time="37.237"/>
  <testcase classname="TestCases.TC002_UsedCars" name="test3" time="24.597"/>
  <testcase classname="TestCases.TC002_UsedCars" name="test4" time="32.14"/>
  <testcase classname="TestCases.TC001_HomePage" name="Test5" time="46.841"/>
  <testcase classname="TestCases.TC003_UpcomingBikePage" name="test6" time="31.515"/>
  <testcase classname="TestCases.TC003_UpcomingBikePage" name="test7" time="8.038"/>
  <testcase classname="TestCases.TC003_UpcomingBikePage" name="test8" time="1.061"/>
  <testcase classname="TestCases.TC001_HomePage" name="Test9" time="7.032"/>
</testsuite> <!-- EdgeTest -->
