<?xml version="1.0" encoding="UTF-8"?>
<!-- Generated by org.testng.reporters.JUnitXMLReporter -->
<testsuite ignored="0" hostname="DESKTOP-5IRD1VN" failures="0" tests="9" name="EdgeTest" time="114.944" errors="0" timestamp="2024-02-13T10:02:15 IST">
  <testcase classname="TestCases.TC001_HomePage" name="test1" time="10.85"/>
  <testcase classname="TestCases.TC001_HomePage" name="test2" time="0.943"/>
  <testcase classname="TestCases.TC002_UsedCars" name="test3" time="24.935"/>
  <testcase classname="TestCases.TC002_UsedCars" name="test4" time="2.863"/>
  <testcase classname="TestCases.TC001_HomePage" name="Test5" time="7.133"/>
  <testcase classname="TestCases.TC003_UpcomingBikePage" name="test6" time="23.871"/>
  <testcase classname="TestCases.TC003_UpcomingBikePage" name="test7" time="13.968"/>
  <testcase classname="TestCases.TC003_UpcomingBikePage" name="test8" time="2.695"/>
  <testcase classname="TestCases.TC001_HomePage" name="Test9" time="9.658"/>
</testsuite> <!-- EdgeTest -->
