<?xml version="1.0" encoding="UTF-8"?>
<!-- Generated by org.testng.reporters.JUnitXMLReporter -->
<testsuite ignored="0" hostname="LTIN285955" failures="0" tests="9" name="Test" time="61.228" errors="0" timestamp="2024-01-29T15:01:49 IST">
  <testcase classname="TestCases.TC001_HomePage" name="test1" time="0.388"/>
  <testcase classname="TestCases.TC001_HomePage" name="test2" time="7.239"/>
  <testcase classname="TestCases.TC002_UsedCars" name="test3" time="24.711"/>
  <testcase classname="TestCases.TC002_UsedCars" name="test4" time="1.864"/>
  <testcase classname="TestCases.TC001_HomePage" name="Test5" time="5.061"/>
  <testcase classname="TestCases.TC003_UpcomingBikePage" name="test6" time="1.836"/>
  <testcase classname="TestCases.TC003_UpcomingBikePage" name="test7" time="7.998"/>
  <testcase classname="TestCases.TC003_UpcomingBikePage" name="test8" time="2.007"/>
  <testcase classname="TestCases.TC001_HomePage" name="Test9" time="7.822"/>
</testsuite> <!-- Test -->
