<?xml version="1.0" encoding="UTF-8"?>
<testng-results ignored="0" total="9" passed="9" failed="0" skipped="0">
  <reporter-output>
  </reporter-output>
  <suite started-at="2024-02-06T11:44:31 IST" name="Suite" finished-at="2024-02-06T11:48:26 IST" duration-ms="234971">
    <groups>
      <group name="regression">
        <method signature="TC001_HomePage.test1()[pri:1, instance:TestCases.TC003_UpcomingBikePage@248e319b]" name="test1" class="TestCases.TC001_HomePage"/>
        <method signature="TC001_HomePage.test2()[pri:2, instance:TestCases.TC003_UpcomingBikePage@248e319b]" name="test2" class="TestCases.TC001_HomePage"/>
        <method signature="TC002_UsedCars.test3()[pri:3, instance:TestCases.TC003_UpcomingBikePage@248e319b]" name="test3" class="TestCases.TC002_UsedCars"/>
        <method signature="TC002_UsedCars.test4()[pri:4, instance:TestCases.TC003_UpcomingBikePage@248e319b]" name="test4" class="TestCases.TC002_UsedCars"/>
        <method signature="TC001_HomePage.Test5()[pri:5, instance:TestCases.TC003_UpcomingBikePage@248e319b]" name="Test5" class="TestCases.TC001_HomePage"/>
        <method signature="TC003_UpcomingBikePage.test6()[pri:6, instance:TestCases.TC003_UpcomingBikePage@248e319b]" name="test6" class="TestCases.TC003_UpcomingBikePage"/>
        <method signature="TC003_UpcomingBikePage.test7()[pri:7, instance:TestCases.TC003_UpcomingBikePage@248e319b]" name="test7" class="TestCases.TC003_UpcomingBikePage"/>
        <method signature="TC003_UpcomingBikePage.test8()[pri:8, instance:TestCases.TC003_UpcomingBikePage@248e319b]" name="test8" class="TestCases.TC003_UpcomingBikePage"/>
      </group> <!-- regression -->
      <group name="sanity">
        <method signature="TC001_HomePage.Test9()[pri:9, instance:TestCases.TC003_UpcomingBikePage@248e319b]" name="Test9" class="TestCases.TC001_HomePage"/>
      </group> <!-- sanity -->
      <group name="master">
        <method signature="TC001_HomePage.test1()[pri:1, instance:TestCases.TC003_UpcomingBikePage@248e319b]" name="test1" class="TestCases.TC001_HomePage"/>
        <method signature="TC001_HomePage.test2()[pri:2, instance:TestCases.TC003_UpcomingBikePage@248e319b]" name="test2" class="TestCases.TC001_HomePage"/>
        <method signature="TC002_UsedCars.test3()[pri:3, instance:TestCases.TC003_UpcomingBikePage@248e319b]" name="test3" class="TestCases.TC002_UsedCars"/>
        <method signature="TC002_UsedCars.test4()[pri:4, instance:TestCases.TC003_UpcomingBikePage@248e319b]" name="test4" class="TestCases.TC002_UsedCars"/>
        <method signature="TC001_HomePage.Test5()[pri:5, instance:TestCases.TC003_UpcomingBikePage@248e319b]" name="Test5" class="TestCases.TC001_HomePage"/>
        <method signature="TC003_UpcomingBikePage.test6()[pri:6, instance:TestCases.TC003_UpcomingBikePage@248e319b]" name="test6" class="TestCases.TC003_UpcomingBikePage"/>
        <method signature="TC003_UpcomingBikePage.test7()[pri:7, instance:TestCases.TC003_UpcomingBikePage@248e319b]" name="test7" class="TestCases.TC003_UpcomingBikePage"/>
        <method signature="TC003_UpcomingBikePage.test8()[pri:8, instance:TestCases.TC003_UpcomingBikePage@248e319b]" name="test8" class="TestCases.TC003_UpcomingBikePage"/>
        <method signature="TC001_HomePage.Test9()[pri:9, instance:TestCases.TC003_UpcomingBikePage@248e319b]" name="Test9" class="TestCases.TC001_HomePage"/>
      </group> <!-- master -->
    </groups>
    <test started-at="2024-02-06T11:44:31 IST" name="EdgeTest" finished-at="2024-02-06T11:48:26 IST" duration-ms="234971">
      <class name="TestCases.TC003_UpcomingBikePage">
        <test-method is-config="true" signature="setup(java.lang.String,java.lang.String)[pri:0, instance:TestCases.TC003_UpcomingBikePage@248e319b]" started-at="2024-02-06T11:44:32 IST" name="setup" finished-at="2024-02-06T11:45:40 IST" duration-ms="68259" status="PASS">
          <params>
            <param index="0">
              <value>
                <![CDATA[Windows]]>
              </value>
            </param>
            <param index="1">
              <value>
                <![CDATA[edge]]>
              </value>
            </param>
          </params>
          <reporter-output>
          </reporter-output>
        </test-method> <!-- setup -->
        <test-method signature="test1()[pri:1, instance:TestCases.TC003_UpcomingBikePage@248e319b]" started-at="2024-02-06T11:45:40 IST" name="test1" finished-at="2024-02-06T11:45:40 IST" duration-ms="362" status="PASS">
          <reporter-output>
          </reporter-output>
        </test-method> <!-- test1 -->
        <test-method signature="test2()[pri:2, instance:TestCases.TC003_UpcomingBikePage@248e319b]" started-at="2024-02-06T11:45:41 IST" name="test2" finished-at="2024-02-06T11:46:37 IST" depends-on-methods="TestCases.TC001_HomePage.test1" duration-ms="56815" status="PASS">
          <reporter-output>
          </reporter-output>
        </test-method> <!-- test2 -->
        <test-method signature="test3()[pri:3, instance:TestCases.TC003_UpcomingBikePage@248e319b]" started-at="2024-02-06T11:46:38 IST" name="test3" finished-at="2024-02-06T11:47:02 IST" duration-ms="24540" status="PASS">
          <reporter-output>
          </reporter-output>
        </test-method> <!-- test3 -->
        <test-method signature="test4()[pri:4, instance:TestCases.TC003_UpcomingBikePage@248e319b]" started-at="2024-02-06T11:47:02 IST" name="test4" finished-at="2024-02-06T11:47:34 IST" depends-on-methods="TestCases.TC002_UsedCars.test3" duration-ms="31713" status="PASS">
          <reporter-output>
          </reporter-output>
        </test-method> <!-- test4 -->
        <test-method signature="Test5()[pri:5, instance:TestCases.TC003_UpcomingBikePage@248e319b]" started-at="2024-02-06T11:47:34 IST" name="Test5" finished-at="2024-02-06T11:48:06 IST" duration-ms="31538" status="PASS">
          <reporter-output>
          </reporter-output>
        </test-method> <!-- Test5 -->
        <test-method signature="test6()[pri:6, instance:TestCases.TC003_UpcomingBikePage@248e319b]" started-at="2024-02-06T11:48:06 IST" name="test6" finished-at="2024-02-06T11:48:08 IST" duration-ms="1846" status="PASS">
          <reporter-output>
          </reporter-output>
        </test-method> <!-- test6 -->
        <test-method signature="test7()[pri:7, instance:TestCases.TC003_UpcomingBikePage@248e319b]" started-at="2024-02-06T11:48:08 IST" name="test7" finished-at="2024-02-06T11:48:16 IST" duration-ms="7829" status="PASS">
          <reporter-output>
          </reporter-output>
        </test-method> <!-- test7 -->
        <test-method signature="test8()[pri:8, instance:TestCases.TC003_UpcomingBikePage@248e319b]" started-at="2024-02-06T11:48:16 IST" name="test8" finished-at="2024-02-06T11:48:18 IST" depends-on-methods="TestCases.TC003_UpcomingBikePage.test7" duration-ms="1350" status="PASS">
          <reporter-output>
          </reporter-output>
        </test-method> <!-- test8 -->
        <test-method signature="Test9()[pri:9, instance:TestCases.TC003_UpcomingBikePage@248e319b]" started-at="2024-02-06T11:48:18 IST" name="Test9" finished-at="2024-02-06T11:48:25 IST" duration-ms="7236" status="PASS">
          <reporter-output>
          </reporter-output>
        </test-method> <!-- Test9 -->
        <test-method is-config="true" signature="teardown()[pri:0, instance:TestCases.TC003_UpcomingBikePage@248e319b]" started-at="2024-02-06T11:48:25 IST" name="teardown" finished-at="2024-02-06T11:48:26 IST" duration-ms="1185" status="PASS">
          <reporter-output>
          </reporter-output>
        </test-method> <!-- teardown -->
      </class> <!-- TestCases.TC003_UpcomingBikePage -->
    </test> <!-- EdgeTest -->
  </suite> <!-- Suite -->
</testng-results>
